ID	Project	Name	SushiApp	Samples	Who	Created	BFabricID	Order IDs
548	35611	HiSeq_short_dataset_20200609		6/6	masaomi	2026-02-05		
578	2220	Dataset		4/4	sushi_lover	2026-03-12		
604	2220	NfCoreRnaseq	NfCoreRnaseqApp	1/1	sushi_lover	2026-03-17		
606	2220	NfCoreRnaseq	NfCoreRnaseqApp	0/1	sushi_lover	2026-03-17		
607	2220	NfCoreRnaseq	NfCoreRnaseqApp	1/1	sushi_lover	2026-03-17		
618	35611	Fastqc	FastqcApp	0/1	masaomi	2026-04-20		
619	1535	litmus_dataset		0/1	sushi_lover	2026-04-23		
620	1535	litmus_dataset		0/1	sushi_lover	2026-04-23		
621	1535	litmus_dataset		0/1	sushi_lover	2026-04-23		
622	1535	litmus_dataset		0/1	sushi_lover	2026-04-23		
623	1535	litmus_dataset		0/1	sushi_lover	2026-04-23		
624	1535	litmus_dataset		0/1	sushi_lover	2026-04-23		
625	1535	litmus_dataset		0/1	sushi_lover	2026-04-23		
630	35611	litmus_dataset		1/1	sushi_lover	2026-04-23		
632	35611	LitmusNormalize4	LitmusNormalizeApp	1/1	masaomi	2026-04-23		
645	1001	Metabolomics		3/3	sushi_lover	2026-05-08		
646	1001	LitmusProcessDemo	LitmusProcessApp	1/1	sushi_lover	2026-05-08		
647	1001	o40277_EXPLORIS4_20251205		74/74	sushi_lover	2026-05-11		
648	1001	LitmusProcess	LitmusProcessApp	1/1	sushi_lover	2026-05-11		
678	36327	Dataset_57556_sushi		0/9	sushi_lover	2026-05-28		
679	36327	Dataset_57556_sushi		0/9	sushi_lover	2026-05-28		
680	36327	DIANN_679	DIANNApp	0/1	sushi_lover	2026-05-28		
681	36327	DIANN_test	DIANNApp	0/1	masaomi	2026-05-28		
682	35611	o35755_Fastqc	FastqcApp	0/1	masaomi	2026-06-03		35755
684	2000	EzPyzExampleApp	EzPyzExampleApp	1/1	falkonoe	2026-06-03		
685	34486	DIANN_input		9/9	falkonoe	2026-06-15		
694	41333	input_dataset		0/2	sushi_lover	2026-06-18		41533
695	41333	NfCoreSarek_694	NfCoreSarekApp	0/1	sushi_lover	2026-06-18		41533
696	41333	input_dataset		0/2	sushi_lover	2026-06-18		41533
697	41333	NfCoreSarek_696	NfCoreSarekApp	0/1	sushi_lover	2026-06-18		41533
698	41333	input_dataset		0/2	sushi_lover	2026-06-18		41533
699	41333	NfCoreSarek_698	NfCoreSarekApp	0/1	sushi_lover	2026-06-18		41533
700	41333	input_dataset		0/2	sushi_lover	2026-06-18		41533
701	41333	NfCoreSarek_700	NfCoreSarekApp	0/1	sushi_lover	2026-06-18		41533
705	34486	DIANN	DIANNApp	1/1	wolski	2026-06-23		
706	34486	DIANN	DIANNApp	0/1	wolski	2026-06-24		
707	34486	Child_DIANN_input_with_annotation		9/9	wolski	2026-06-24		
708	34486	DIANN	DIANNApp	1/1	wolski	2026-06-24		
710	2220	Word_Count	WordCountApp	4/4	rdomi	2026-06-26		
711	2220	Word_Count	WordCountApp	4/4	rdomi	2026-06-26		
712	2220	Word_Count	WordCountApp	0/4	rdomi	2026-06-26		
713	2220	Word_Count	WordCountApp	0/4	rdomi	2026-06-26		
714	2220	Word_Count	WordCountApp	0/4	rdomi	2026-06-26		
715	2220	Word_Count	WordCountApp	0/4	rdomi	2026-06-26		
716	2220	Word_Count	WordCountApp	4/4	rdomi	2026-06-26		
717	2220	Word_Count	WordCountApp	4/4	rdomi	2026-07-08		
718	2220	Word_Count	WordCountApp	4/4	rdomi	2026-07-08		
719	2220	Word_Count	WordCountApp	4/4	rdomi	2026-07-08		
720	2220	Word_Count	WordCountApp	4/4	rdomi	2026-07-08		
721	2220	Word_Count	WordCountApp	4/4	rdomi	2026-07-08		
722	2220	Word_Count	WordCountApp	4/4	rdomi	2026-07-08		
723	2220	Word_Count	WordCountApp	4/4	rdomi	2026-07-08		
724	2220	Word_Count	WordCountApp	4/4	rdomi	2026-07-08		
725	2220	Word_Count	WordCountApp	4/4	rdomi	2026-07-08		
726	2220	Word_Count	WordCountApp	4/4	rdomi	2026-07-09		
727	2220	Word_Count	WordCountApp	4/4	rdomi	2026-07-09		
728	2220	NfCoreAbotyper	NfCoreAbotyperApp	0/1	rdomi	2026-07-09		
729	2220	Fastqc	FastqcApp	1/1	rdomi	2026-07-09		
730	35611	FastQC_ventricles_100k_apitest	Fastqc	0/1	sushi_lover	2026-07-10		
731	35611	FastQC_ventricles_100k_apitest2	Fastqc	0/1	sushi_lover	2026-07-10		
732	35611	FastQC_ventricles_100k_apitest3_fix	Fastqc	0/1	sushi_lover	2026-07-10		
733	35611	FastQC_9_chaintest	FastqcApp	0/1	sushi_lover	2026-07-16		
734	2220	Fastqc	FastqcApp	1/1	rdomi	2026-07-16		
735	2220	NanoPlot	NanoPlotApp	4/4	rdomi	2026-07-16		
736	35611	FastqScreen_9	FastqScreen	0/1	masaomi	2026-07-21		
737	35611	STAR_9	STAR	0/2	masaomi	2026-07-21		
738	35611	FastqScreen_9	FastqScreen	0/1	sushi_lover	2026-07-21		
739	2220	NanoPlot	NanoPlotApp	4/4	rdomi	2026-07-21		
740	2220	NanoPlot	NanoPlotApp	4/4	rdomi	2026-07-21		
741	2220	NanoPlot	NanoPlotApp	0/4	rdomi	2026-07-21		
742	2220	NanoPlot	NanoPlotApp	0/4	rdomi	2026-07-21		
743	2220	NanoPlot	NanoPlotApp	0/4	rdomi	2026-07-21		
744	2220	NanoPlot	NanoPlotApp	4/4	rdomi	2026-07-21		
745	35611	STAR_9	STAR	0/2	masaomi	2026-07-21		
746	35611	FeatureCounts_745	FeatureCounts	0/2	masaomi	2026-07-21		
747	2220	NanoPlot	NanoPlotApp	4/4	rdomi	2026-07-21		
748	2220	NanoPlot	NanoPlotApp	4/4	rdomi	2026-07-21		
749	2220	Fastqc	FastqcApp	1/1	rdomi	2026-07-22		
750	2220	NanoPlot	NanoPlotApp	0/1	rdomi	2026-07-22		
# #datasets: 79
# #samples:  197
